2018-05-17 10:56:45,680 INFO o.a.j.u.JMeterUtils: Setting Locale to en_EN
2018-05-17 10:56:45,703 INFO o.a.j.JMeter: Loading user properties from: /usr/local/Cellar/jmeter/4.0/libexec/bin/user.properties
2018-05-17 10:56:45,704 INFO o.a.j.JMeter: Loading system properties from: /usr/local/Cellar/jmeter/4.0/libexec/bin/system.properties
2018-05-17 10:56:45,710 INFO o.a.j.JMeter: Copyright (c) 1998-2018 The Apache Software Foundation
2018-05-17 10:56:45,710 INFO o.a.j.JMeter: Version 4.0 r1823414
2018-05-17 10:56:45,710 INFO o.a.j.JMeter: java.version=1.8.0_121
2018-05-17 10:56:45,710 INFO o.a.j.JMeter: java.vm.name=Java HotSpot(TM) 64-Bit Server VM
2018-05-17 10:56:45,710 INFO o.a.j.JMeter: os.name=Mac OS X
2018-05-17 10:56:45,710 INFO o.a.j.JMeter: os.arch=x86_64
2018-05-17 10:56:45,710 INFO o.a.j.JMeter: os.version=10.13.4
2018-05-17 10:56:45,710 INFO o.a.j.JMeter: file.encoding=UTF-8
2018-05-17 10:56:45,711 INFO o.a.j.JMeter: Max memory     =1073741824
2018-05-17 10:56:45,711 INFO o.a.j.JMeter: Available Processors =8
2018-05-17 10:56:45,714 INFO o.a.j.JMeter: Default Locale=English (EN)
2018-05-17 10:56:45,714 INFO o.a.j.JMeter: JMeter  Locale=English (EN)
2018-05-17 10:56:45,715 INFO o.a.j.JMeter: JMeterHome=/usr/local/Cellar/jmeter/4.0/libexec
2018-05-17 10:56:45,715 INFO o.a.j.JMeter: user.dir  =/Users/damianwajser/git/entrevistas/bruebank
2018-05-17 10:56:45,715 INFO o.a.j.JMeter: PWD       =/Users/damianwajser/git/entrevistas/bruebank
2018-05-17 10:56:45,767 INFO o.a.j.JMeter: IP: 192.168.1.15 Name: damiPc.local FullName: 192.168.1.15
2018-05-17 10:56:47,365 INFO o.a.j.g.a.LookAndFeelCommand: Installing Darcula LAF
2018-05-17 10:56:47,380 INFO o.a.j.g.a.LookAndFeelCommand: Using look and feel: com.apple.laf.AquaLookAndFeel [Darcula]
2018-05-17 10:56:47,380 INFO o.a.j.JMeter: Setting LAF to: com.apple.laf.AquaLookAndFeel
2018-05-17 10:56:47,385 INFO o.a.j.JMeter: Loaded icon properties from org/apache/jmeter/images/icon.properties
2018-05-17 10:56:48,110 INFO o.a.j.e.u.CompoundVariable: Note: Function class names must contain the string: '.functions.'
2018-05-17 10:56:48,110 INFO o.a.j.e.u.CompoundVariable: Note: Function class names must not contain the string: '.gui.'
2018-05-17 10:56:49,365 INFO k.a.j.JMeterPluginsUtils: JMeter-Plugins.org v.1.4.0
2018-05-17 10:56:49,837 WARN o.a.j.g.u.MenuFactory: Configuration error, probably corrupt or missing third party library(jar)? Could not create class: kg.apc.jmeter.reporters.LoadosophiaUploaderGui.
java.lang.NoClassDefFoundError: org/apache/commons/httpclient/methods/multipart/PartSource
	at kg.apc.jmeter.reporters.LoadosophiaUploaderGui.init(LoadosophiaUploaderGui.java:114) ~[JMeterPlugins-Standard.jar:?]
	at kg.apc.jmeter.reporters.LoadosophiaUploaderGui.<init>(LoadosophiaUploaderGui.java:28) ~[JMeterPlugins-Standard.jar:?]
	at sun.reflect.NativeConstructorAccessorImpl.newInstance0(Native Method) ~[?:1.8.0_121]
	at sun.reflect.NativeConstructorAccessorImpl.newInstance(NativeConstructorAccessorImpl.java:62) ~[?:1.8.0_121]
	at sun.reflect.DelegatingConstructorAccessorImpl.newInstance(DelegatingConstructorAccessorImpl.java:45) ~[?:1.8.0_121]
	at java.lang.reflect.Constructor.newInstance(Constructor.java:423) ~[?:1.8.0_121]
	at java.lang.Class.newInstance(Class.java:442) ~[?:1.8.0_121]
	at org.apache.jmeter.gui.util.MenuFactory.getGUIComponent(MenuFactory.java:174) ~[ApacheJMeter_core.jar:4.0 r1823414]
	at org.apache.jmeter.gui.util.MenuFactory.initializeMenus(MenuFactory.java:141) ~[ApacheJMeter_core.jar:4.0 r1823414]
	at org.apache.jmeter.gui.util.MenuFactory.<clinit>(MenuFactory.java:106) ~[ApacheJMeter_core.jar:4.0 r1823414]
	at org.apache.jmeter.control.gui.TestPlanGui.createPopupMenu(TestPlanGui.java:92) ~[ApacheJMeter_core.jar:4.0 r1823414]
	at org.apache.jmeter.gui.tree.JMeterTreeNode.createPopupMenu(JMeterTreeNode.java:155) ~[ApacheJMeter_core.jar:4.0 r1823414]
	at org.apache.jmeter.gui.action.EditCommand.doAction(EditCommand.java:46) ~[ApacheJMeter_core.jar:4.0 r1823414]
	at org.apache.jmeter.gui.action.ActionRouter.performAction(ActionRouter.java:88) ~[ApacheJMeter_core.jar:4.0 r1823414]
	at org.apache.jmeter.gui.action.ActionRouter.lambda$actionPerformed$0(ActionRouter.java:70) ~[ApacheJMeter_core.jar:4.0 r1823414]
	at java.awt.event.InvocationEvent.dispatch(InvocationEvent.java:311) [?:1.8.0_121]
	at java.awt.EventQueue.dispatchEventImpl(EventQueue.java:756) [?:1.8.0_121]
	at java.awt.EventQueue.access$500(EventQueue.java:97) [?:1.8.0_121]
	at java.awt.EventQueue$3.run(EventQueue.java:709) [?:1.8.0_121]
	at java.awt.EventQueue$3.run(EventQueue.java:703) [?:1.8.0_121]
	at java.security.AccessController.doPrivileged(Native Method) [?:1.8.0_121]
	at java.security.ProtectionDomain$JavaSecurityAccessImpl.doIntersectionPrivilege(ProtectionDomain.java:80) [?:1.8.0_121]
	at java.awt.EventQueue.dispatchEvent(EventQueue.java:726) [?:1.8.0_121]
	at java.awt.EventDispatchThread.pumpOneEventForFilters(EventDispatchThread.java:201) [?:1.8.0_121]
	at java.awt.EventDispatchThread.pumpEventsForFilter(EventDispatchThread.java:116) [?:1.8.0_121]
	at java.awt.EventDispatchThread.pumpEventsForHierarchy(EventDispatchThread.java:105) [?:1.8.0_121]
	at java.awt.EventDispatchThread.pumpEvents(EventDispatchThread.java:101) [?:1.8.0_121]
	at java.awt.EventDispatchThread.pumpEvents(EventDispatchThread.java:93) [?:1.8.0_121]
	at java.awt.EventDispatchThread.run(EventDispatchThread.java:82) [?:1.8.0_121]
Caused by: java.lang.ClassNotFoundException: org.apache.commons.httpclient.methods.multipart.PartSource
	at java.net.URLClassLoader.findClass(URLClassLoader.java:381) ~[?:1.8.0_121]
	at java.lang.ClassLoader.loadClass(ClassLoader.java:424) ~[?:1.8.0_121]
	at java.lang.ClassLoader.loadClass(ClassLoader.java:357) ~[?:1.8.0_121]
	... 29 more
2018-05-17 10:56:50,529 INFO o.a.j.p.h.s.HTTPSamplerBase: Parser for text/html is org.apache.jmeter.protocol.http.parser.LagartoBasedHtmlParser
2018-05-17 10:56:50,529 INFO o.a.j.p.h.s.HTTPSamplerBase: Parser for application/xhtml+xml is org.apache.jmeter.protocol.http.parser.LagartoBasedHtmlParser
2018-05-17 10:56:50,530 INFO o.a.j.p.h.s.HTTPSamplerBase: Parser for application/xml is org.apache.jmeter.protocol.http.parser.LagartoBasedHtmlParser
2018-05-17 10:56:50,530 INFO o.a.j.p.h.s.HTTPSamplerBase: Parser for text/xml is org.apache.jmeter.protocol.http.parser.LagartoBasedHtmlParser
2018-05-17 10:56:50,530 INFO o.a.j.p.h.s.HTTPSamplerBase: Parser for text/vnd.wap.wml is org.apache.jmeter.protocol.http.parser.RegexpHTMLParser
2018-05-17 10:56:50,530 INFO o.a.j.p.h.s.HTTPSamplerBase: Parser for text/css is org.apache.jmeter.protocol.http.parser.CssParser
2018-05-17 10:56:50,854 INFO o.a.j.e.KeyToolUtils: keytool found at 'keytool'
2018-05-17 10:56:50,855 INFO o.a.j.p.h.p.ProxyControl: HTTP(S) Test Script Recorder SSL Proxy will use keys that support embedded 3rd party resources in file /usr/local/Cellar/jmeter/4.0/libexec/bin/proxyserver.jks
2018-05-17 10:56:50,983 INFO o.a.j.s.FileServer: Default base='/Users/damianwajser/git/entrevistas/bruebank'
2018-05-17 10:56:51,282 INFO o.a.j.s.SampleResult: Note: Sample TimeStamps are START times
2018-05-17 10:56:51,282 INFO o.a.j.s.SampleResult: sampleresult.default.encoding is set to ISO-8859-1
2018-05-17 10:56:51,282 INFO o.a.j.s.SampleResult: sampleresult.useNanoTime=true
2018-05-17 10:56:51,283 INFO o.a.j.s.SampleResult: sampleresult.nanoThreadSleep=5000
2018-05-17 10:57:10,267 INFO o.a.j.g.a.Load: Loading file: /Users/damianwajser/git/mios/qa-nfc/jmeter/jmeterTest.jmx
2018-05-17 10:57:10,267 INFO o.a.j.s.FileServer: Set new base='/Users/damianwajser/git/mios/qa-nfc/jmeter'
2018-05-17 10:57:10,390 INFO o.a.j.s.SaveService: Testplan (JMX) version: 2.2. Testlog (JTL) version: 2.2
2018-05-17 10:57:10,405 INFO o.a.j.s.SaveService: Using SaveService properties file encoding UTF-8
2018-05-17 10:57:10,407 INFO o.a.j.s.SaveService: Using SaveService properties version 4.0
2018-05-17 10:57:10,410 INFO o.a.j.s.SaveService: Loading file: /Users/damianwajser/git/mios/qa-nfc/jmeter/jmeterTest.jmx
2018-05-17 10:57:10,593 INFO o.a.j.s.FileServer: Set new base='/Users/damianwajser/git/mios/qa-nfc/jmeter'
2018-05-17 10:57:50,187 INFO o.a.j.e.StandardJMeterEngine: Running the test!
2018-05-17 10:57:50,188 INFO o.a.j.s.SampleEvent: List of sample_variables: []
2018-05-17 10:57:50,188 INFO o.a.j.s.SampleEvent: List of sample_variables: []
2018-05-17 10:57:50,196 INFO o.a.j.g.u.JMeterMenuBar: setRunning(true, *local*)
2018-05-17 10:57:50,361 INFO o.a.j.e.StandardJMeterEngine: Starting ThreadGroup: 1 : Pagos OK
2018-05-17 10:57:50,361 INFO o.a.j.e.StandardJMeterEngine: Starting 1 threads for group Pagos OK.
2018-05-17 10:57:50,361 INFO o.a.j.e.StandardJMeterEngine: Thread will continue on error
2018-05-17 10:57:50,361 INFO o.a.j.t.ThreadGroup: Starting thread group... number=1 threads=1 ramp-up=1 perThread=1000.0 delayedStart=true
2018-05-17 10:57:50,362 INFO o.a.j.t.ThreadGroup: Started thread group number 1
2018-05-17 10:57:50,362 INFO o.a.j.e.StandardJMeterEngine: Starting ThreadGroup: 2 : Pagos NOK
2018-05-17 10:57:50,363 INFO o.a.j.e.StandardJMeterEngine: Starting 1 threads for group Pagos NOK.
2018-05-17 10:57:50,363 INFO o.a.j.e.StandardJMeterEngine: Thread will continue on error
2018-05-17 10:57:50,363 INFO o.a.j.t.ThreadGroup: Starting thread group... number=2 threads=1 ramp-up=1 perThread=1000.0 delayedStart=true
2018-05-17 10:57:50,363 INFO o.a.j.t.ThreadGroup: Started thread group number 2
2018-05-17 10:57:50,363 INFO o.a.j.e.StandardJMeterEngine: All thread groups have been started
2018-05-17 10:57:50,369 INFO o.a.j.t.JMeterThread: Thread started: Pagos OK 1-1
2018-05-17 10:57:50,380 WARN o.a.j.c.RandomVariableConfig: maximum(9999999999) - minimum(100) must be <= 2147483647
2018-05-17 10:57:50,386 INFO o.a.j.t.JMeterThread: Thread started: Pagos NOK 2-1
2018-05-17 10:57:50,395 INFO o.a.j.p.h.s.HTTPHCAbstractImpl: Local host = damiPc.local
2018-05-17 10:57:50,399 INFO o.a.j.p.h.s.HTTPHC4Impl: HTTP request retry count = 0
2018-05-17 10:58:12,536 INFO o.a.j.g.a.Start: Stopping test
2018-05-17 10:58:12,559 INFO o.a.j.t.JMeterThread: Stopping: Pagos OK 1-1
2018-05-17 10:58:12,560 WARN o.a.j.t.JMeterThread: Interrupting: Pagos OK 1-1 sampler: Pago OK
2018-05-17 10:58:12,560 INFO o.a.j.t.JMeterThread: Stopping: Pagos NOK 2-1
2018-05-17 10:58:12,560 WARN o.a.j.t.JMeterThread: Interrupting: Pagos NOK 2-1 sampler: Pago NOK
2018-05-17 10:58:12,562 INFO o.a.j.t.JMeterThread: Thread finished: Pagos OK 1-1
2018-05-17 10:58:12,564 INFO o.a.j.t.JMeterThread: Thread finished: Pagos NOK 2-1
2018-05-17 10:58:12,564 INFO o.a.j.e.StandardJMeterEngine: Notifying test listeners of end of test
2018-05-17 10:58:12,565 INFO o.a.j.g.u.JMeterMenuBar: setRunning(false, *local*)
